<?xml version="1.0" encoding="UTF-8"?>
<!-- Generated by org.testng.reporters.JUnitReportReporter -->
<testsuite hostname="DESKTOP-7P9R3RS" failures="0" tests="1" name="testCases.TC001_AccountRegistrationTest" time="3.136" errors="0" timestamp="2025-01-04T14:48:10 IST" skipped="0">
  <testcase classname="testCases.TC001_AccountRegistrationTest" name="verify_Account_registration" time="3.136"/>
</testsuite> <!-- testCases.TC001_AccountRegistrationTest -->
