<?xml version="1.0" encoding="UTF-8"?>
<!-- Generated by org.testng.reporters.JUnitReportReporter -->
<testsuite hostname="DESKTOP-7P9R3RS" failures="0" tests="1" name="testCases.NewTest" time="0.006" errors="0" timestamp="2024-12-25T15:43:12 IST" skipped="0">
  <testcase classname="testCases.NewTest" name="f" time="0.006"/>
</testsuite> <!-- testCases.NewTest -->
